[0m01:02:10.077516 [debug] [MainThread]: Sending event: {'category': 'dbt', 'action': 'invocation', 'label': 'start', 'context': [<snowplow_tracker.self_describing_json.SelfDescribingJson object at 0x000002B81F306F90>, <snowplow_tracker.self_describing_json.SelfDescribingJson object at 0x000002B81EA93E30>, <snowplow_tracker.self_describing_json.SelfDescribingJson object at 0x000002B81E762690>]}


============================== 01:02:10.082518 | 7653a791-5ac1-411f-85fb-9757000b1084 ==============================
[0m01:02:10.082518 [info ] [MainThread]: Running with dbt=1.11.8
[0m01:02:10.083515 [debug] [MainThread]: running dbt with arguments {'static_parser': 'True', 'no_print': 'None', 'version_check': 'True', 'target_path': 'None', 'warn_error_options': 'WarnErrorOptionsV2(error=[], warn=[], silence=[])', 'printer_width': '80', 'write_json': 'True', 'introspect': 'True', 'log_cache_events': 'False', 'empty': 'None', 'cache_selected_only': 'False', 'fail_fast': 'False', 'debug': 'False', 'log_format': 'default', 'partial_parse': 'True', 'send_anonymous_usage_stats': 'True', 'quiet': 'False', 'warn_error': 'None', 'profiles_dir': 'C:\\Users\\Moham\\.dbt', 'use_colors': 'True', 'indirect_selection': 'eager', 'invocation_command': 'dbt debug', 'use_experimental_parser': 'False', 'log_path': 'logs'}
[0m01:02:10.103299 [info ] [MainThread]: dbt version: 1.11.8
[0m01:02:10.104302 [info ] [MainThread]: python version: 3.12.6
[0m01:02:10.104302 [info ] [MainThread]: python path: C:\Users\Moham\AppData\Local\Programs\Python\Python312\python.exe
[0m01:02:10.104302 [info ] [MainThread]: os info: Windows-11-10.0.26200-SP0
[0m01:02:10.153117 [info ] [MainThread]: Using profiles dir at C:\Users\Moham\.dbt
[0m01:02:10.156239 [info ] [MainThread]: Using profiles.yml file at C:\Users\Moham\.dbt\profiles.yml
[0m01:02:10.156772 [info ] [MainThread]: Using dbt_project.yml file at C:\Users\Moham\OneDrive\Desktop\ecommerce-pipeline\dbt_project.yml
[0m01:02:10.156772 [info ] [MainThread]: adapter type: postgres
[0m01:02:10.156772 [info ] [MainThread]: adapter version: 1.10.0
[0m01:02:10.156772 [info ] [MainThread]: Configuration:
[0m01:02:10.156772 [info ] [MainThread]:   profiles.yml file [[32mOK found and valid[0m]
[0m01:02:10.156772 [info ] [MainThread]:   dbt_project.yml file [[31mERROR not found[0m]
[0m01:02:10.156772 [info ] [MainThread]: Required dependencies:
[0m01:02:10.156772 [debug] [MainThread]: Executing "git --help"
[0m01:02:10.173430 [info ] [MainThread]:  - git [[31mERROR[0m]

[0m01:02:10.173430 [info ] [MainThread]: Connection:
[0m01:02:10.173430 [info ] [MainThread]:   host: localhost
[0m01:02:10.173430 [info ] [MainThread]:   port: 5432
[0m01:02:10.173430 [info ] [MainThread]:   user: postgres
[0m01:02:10.173430 [info ] [MainThread]:   database: ecommerce
[0m01:02:10.177059 [info ] [MainThread]:   schema: dbt_dev
[0m01:02:10.177610 [info ] [MainThread]:   connect_timeout: 10
[0m01:02:10.177610 [info ] [MainThread]:   role: None
[0m01:02:10.177610 [info ] [MainThread]:   search_path: None
[0m01:02:10.177610 [info ] [MainThread]:   keepalives_idle: 0
[0m01:02:10.177610 [info ] [MainThread]:   sslmode: None
[0m01:02:10.177610 [info ] [MainThread]:   sslcert: None
[0m01:02:10.177610 [info ] [MainThread]:   sslkey: None
[0m01:02:10.177610 [info ] [MainThread]:   sslrootcert: None
[0m01:02:10.177610 [info ] [MainThread]:   application_name: dbt
[0m01:02:10.177610 [info ] [MainThread]:   retries: 1
[0m01:02:10.181288 [info ] [MainThread]: Registered adapter: postgres=1.10.0
[0m01:02:10.536229 [debug] [MainThread]: Acquiring new postgres connection 'debug'
[0m01:02:10.621869 [debug] [MainThread]: Using postgres connection "debug"
[0m01:02:10.621869 [debug] [MainThread]: On debug: select 1 as id
[0m01:02:10.621869 [debug] [MainThread]: Opening a new connection, currently in state init
[0m01:02:10.640664 [debug] [MainThread]: SQL status: SELECT 1 in 0.019 seconds
[0m01:02:10.640664 [debug] [MainThread]: On debug: Close
[0m01:02:10.640664 [info ] [MainThread]:   Connection test: [[32mOK connection ok[0m]

[0m01:02:10.640664 [info ] [MainThread]: [31m2 checks failed:[0m
[0m01:02:10.640664 [info ] [MainThread]: Project loading failed for the following reason:
 project path <C:\Users\Moham\OneDrive\Desktop\ecommerce-pipeline\dbt_project.yml> not found

[0m01:02:10.640664 [info ] [MainThread]: Error from git --help: Could not find command, ensure it is in the user's PATH and that the user has permissions to run it: "git"

[0m01:02:10.644381 [debug] [MainThread]: Command `dbt debug` failed at 01:02:10.644381 after 0.74 seconds
[0m01:02:10.644381 [debug] [MainThread]: Connection 'debug' was properly closed.
[0m01:02:10.645451 [debug] [MainThread]: Sending event: {'category': 'dbt', 'action': 'invocation', 'label': 'end', 'context': [<snowplow_tracker.self_describing_json.SelfDescribingJson object at 0x000002B81E845040>, <snowplow_tracker.self_describing_json.SelfDescribingJson object at 0x000002B8204F2810>, <snowplow_tracker.self_describing_json.SelfDescribingJson object at 0x000002B81E787530>]}
[0m01:02:10.645451 [debug] [MainThread]: Flushing usage events
[0m01:02:11.090953 [debug] [MainThread]: An error was encountered while trying to flush usage events
[0m01:03:55.672282 [debug] [MainThread]: Sending event: {'category': 'dbt', 'action': 'invocation', 'label': 'start', 'context': [<snowplow_tracker.self_describing_json.SelfDescribingJson object at 0x000001A31D711850>, <snowplow_tracker.self_describing_json.SelfDescribingJson object at 0x000001A32091A930>, <snowplow_tracker.self_describing_json.SelfDescribingJson object at 0x000001A32091A5A0>]}


============================== 01:03:55.676985 | 31d02feb-a0ea-4cfe-91ed-c95b93cb258e ==============================
[0m01:03:55.676985 [info ] [MainThread]: Running with dbt=1.11.8
[0m01:03:55.680510 [debug] [MainThread]: running dbt with arguments {'static_parser': 'True', 'no_print': 'None', 'version_check': 'True', 'target_path': 'None', 'warn_error_options': 'WarnErrorOptionsV2(error=[], warn=[], silence=[])', 'printer_width': '80', 'write_json': 'True', 'introspect': 'True', 'log_cache_events': 'False', 'empty': 'None', 'cache_selected_only': 'False', 'fail_fast': 'False', 'debug': 'False', 'log_format': 'default', 'partial_parse': 'True', 'send_anonymous_usage_stats': 'True', 'quiet': 'False', 'warn_error': 'None', 'profiles_dir': 'C:\\Users\\Moham\\.dbt', 'use_colors': 'True', 'invocation_command': 'dbt debug', 'indirect_selection': 'eager', 'use_experimental_parser': 'False', 'log_path': 'logs'}
[0m01:03:55.697302 [info ] [MainThread]: dbt version: 1.11.8
[0m01:03:55.700956 [info ] [MainThread]: python version: 3.12.6
[0m01:03:55.700956 [info ] [MainThread]: python path: C:\Users\Moham\AppData\Local\Programs\Python\Python312\python.exe
[0m01:03:55.700956 [info ] [MainThread]: os info: Windows-11-10.0.26200-SP0
[0m01:03:55.751018 [info ] [MainThread]: Using profiles dir at C:\Users\Moham\.dbt
[0m01:03:55.751018 [info ] [MainThread]: Using profiles.yml file at C:\Users\Moham\.dbt\profiles.yml
[0m01:03:55.751866 [info ] [MainThread]: Using dbt_project.yml file at C:\Users\Moham\OneDrive\Desktop\ecommerce-pipeline\dbt_project.yml
[0m01:03:55.751866 [info ] [MainThread]: adapter type: postgres
[0m01:03:55.751866 [info ] [MainThread]: adapter version: 1.10.0
[0m01:03:55.751866 [info ] [MainThread]: Configuration:
[0m01:03:55.751866 [info ] [MainThread]:   profiles.yml file [[32mOK found and valid[0m]
[0m01:03:55.751866 [info ] [MainThread]:   dbt_project.yml file [[31mERROR not found[0m]
[0m01:03:55.755231 [info ] [MainThread]: Required dependencies:
[0m01:03:55.755765 [debug] [MainThread]: Executing "git --help"
[0m01:03:55.767298 [info ] [MainThread]:  - git [[31mERROR[0m]

[0m01:03:55.768271 [info ] [MainThread]: Connection:
[0m01:03:55.768271 [info ] [MainThread]:   host: localhost
[0m01:03:55.769268 [info ] [MainThread]:   port: 5432
[0m01:03:55.769268 [info ] [MainThread]:   user: postgres
[0m01:03:55.769268 [info ] [MainThread]:   database: ecommerce
[0m01:03:55.770268 [info ] [MainThread]:   schema: dbt_dev
[0m01:03:55.770268 [info ] [MainThread]:   connect_timeout: 10
[0m01:03:55.770268 [info ] [MainThread]:   role: None
[0m01:03:55.771268 [info ] [MainThread]:   search_path: None
[0m01:03:55.771268 [info ] [MainThread]:   keepalives_idle: 0
[0m01:03:55.771268 [info ] [MainThread]:   sslmode: None
[0m01:03:55.772268 [info ] [MainThread]:   sslcert: None
[0m01:03:55.772268 [info ] [MainThread]:   sslkey: None
[0m01:03:55.772268 [info ] [MainThread]:   sslrootcert: None
[0m01:03:55.773267 [info ] [MainThread]:   application_name: dbt
[0m01:03:55.773267 [info ] [MainThread]:   retries: 1
[0m01:03:55.773267 [info ] [MainThread]: Registered adapter: postgres=1.10.0
[0m01:03:56.109797 [debug] [MainThread]: Acquiring new postgres connection 'debug'
[0m01:03:56.189458 [debug] [MainThread]: Using postgres connection "debug"
[0m01:03:56.193291 [debug] [MainThread]: On debug: select 1 as id
[0m01:03:56.193652 [debug] [MainThread]: Opening a new connection, currently in state init
[0m01:03:56.222351 [debug] [MainThread]: SQL status: SELECT 1 in 0.033 seconds
[0m01:03:56.227297 [debug] [MainThread]: On debug: Close
[0m01:03:56.227297 [info ] [MainThread]:   Connection test: [[32mOK connection ok[0m]

[0m01:03:56.227297 [info ] [MainThread]: [31m2 checks failed:[0m
[0m01:03:56.227297 [info ] [MainThread]: Project loading failed for the following reason:
 project path <C:\Users\Moham\OneDrive\Desktop\ecommerce-pipeline\dbt_project.yml> not found

[0m01:03:56.227297 [info ] [MainThread]: Error from git --help: Could not find command, ensure it is in the user's PATH and that the user has permissions to run it: "git"

[0m01:03:56.227297 [debug] [MainThread]: Command `dbt debug` failed at 01:03:56.227297 after 0.71 seconds
[0m01:03:56.227297 [debug] [MainThread]: Connection 'debug' was properly closed.
[0m01:03:56.227297 [debug] [MainThread]: Sending event: {'category': 'dbt', 'action': 'invocation', 'label': 'end', 'context': [<snowplow_tracker.self_describing_json.SelfDescribingJson object at 0x000001A32260BC50>, <snowplow_tracker.self_describing_json.SelfDescribingJson object at 0x000001A3203ED6D0>, <snowplow_tracker.self_describing_json.SelfDescribingJson object at 0x000001A3225B9250>]}
[0m01:03:56.230700 [debug] [MainThread]: Flushing usage events
[0m01:03:56.650388 [debug] [MainThread]: An error was encountered while trying to flush usage events
[0m09:50:08.185144 [debug] [MainThread]: Sending event: {'category': 'dbt', 'action': 'invocation', 'label': 'start', 'context': [<snowplow_tracker.self_describing_json.SelfDescribingJson object at 0x000001E992EFBD70>, <snowplow_tracker.self_describing_json.SelfDescribingJson object at 0x000001E992F0D3A0>, <snowplow_tracker.self_describing_json.SelfDescribingJson object at 0x000001E992F0E720>]}


============================== 09:50:08.188649 | 5411660c-1512-4791-90b6-a3a80bbd26fe ==============================
[0m09:50:08.188649 [info ] [MainThread]: Running with dbt=1.11.8
[0m09:50:08.189655 [debug] [MainThread]: running dbt with arguments {'version_check': 'True', 'no_print': 'None', 'static_parser': 'True', 'warn_error_options': 'WarnErrorOptionsV2(error=[], warn=[], silence=[])', 'target_path': 'None', 'printer_width': '80', 'write_json': 'True', 'empty': 'None', 'log_cache_events': 'False', 'introspect': 'True', 'cache_selected_only': 'False', 'fail_fast': 'False', 'debug': 'False', 'log_format': 'default', 'partial_parse': 'True', 'send_anonymous_usage_stats': 'True', 'quiet': 'False', 'warn_error': 'None', 'profiles_dir': 'C:\\Users\\Moham\\.dbt', 'indirect_selection': 'eager', 'use_colors': 'True', 'invocation_command': 'dbt docs generate', 'use_experimental_parser': 'False', 'log_path': 'logs'}
[0m09:50:08.189655 [error] [MainThread]: Encountered an error:
Runtime Error
  No dbt_project.yml found at expected path C:\Users\Moham\OneDrive\Desktop\ecommerce-pipeline\dbt_project.yml
  Verify that each entry within packages.yml (and their transitive dependencies) contains a file named dbt_project.yml
  
[0m09:50:08.190655 [debug] [MainThread]: Command `dbt docs generate` failed at 09:50:08.190655 after 0.12 seconds
[0m09:50:08.191655 [debug] [MainThread]: Sending event: {'category': 'dbt', 'action': 'invocation', 'label': 'end', 'context': [<snowplow_tracker.self_describing_json.SelfDescribingJson object at 0x000001E98F96D040>, <snowplow_tracker.self_describing_json.SelfDescribingJson object at 0x000001E9933F39B0>, <snowplow_tracker.self_describing_json.SelfDescribingJson object at 0x000001E9934B4EF0>]}
[0m09:50:08.191655 [debug] [MainThread]: Flushing usage events
[0m09:50:08.642638 [debug] [MainThread]: An error was encountered while trying to flush usage events
[0m15:04:38.027667 [debug] [MainThread]: Sending event: {'category': 'dbt', 'action': 'invocation', 'label': 'start', 'context': [<snowplow_tracker.self_describing_json.SelfDescribingJson object at 0x000001D73E0FB9E0>, <snowplow_tracker.self_describing_json.SelfDescribingJson object at 0x000001D73AA7CEC0>, <snowplow_tracker.self_describing_json.SelfDescribingJson object at 0x000001D73E0FB920>]}


============================== 15:04:38.027667 | 961a3b82-1cb6-4dbe-b4e2-a3daf079916b ==============================
[0m15:04:38.027667 [info ] [MainThread]: Running with dbt=1.11.8
[0m15:04:38.027667 [debug] [MainThread]: running dbt with arguments {'static_parser': 'True', 'no_print': 'None', 'version_check': 'True', 'target_path': 'None', 'warn_error_options': 'WarnErrorOptionsV2(error=[], warn=[], silence=[])', 'printer_width': '80', 'write_json': 'True', 'introspect': 'True', 'log_cache_events': 'False', 'empty': 'False', 'cache_selected_only': 'False', 'fail_fast': 'False', 'debug': 'False', 'log_format': 'default', 'partial_parse': 'True', 'send_anonymous_usage_stats': 'True', 'quiet': 'False', 'warn_error': 'None', 'profiles_dir': 'C:\\Users\\Moham\\.dbt', 'indirect_selection': 'eager', 'use_colors': 'True', 'invocation_command': 'dbt run', 'use_experimental_parser': 'False', 'log_path': 'logs'}
[0m15:04:38.027667 [error] [MainThread]: Encountered an error:
Runtime Error
  No dbt_project.yml found at expected path C:\Users\Moham\OneDrive\Desktop\ecommerce-pipeline\dbt_project.yml
  Verify that each entry within packages.yml (and their transitive dependencies) contains a file named dbt_project.yml
  
[0m15:04:38.040015 [debug] [MainThread]: Command `dbt run` failed at 15:04:38.040015 after 0.18 seconds
[0m15:04:38.040641 [debug] [MainThread]: Sending event: {'category': 'dbt', 'action': 'invocation', 'label': 'end', 'context': [<snowplow_tracker.self_describing_json.SelfDescribingJson object at 0x000001D73F7AF920>, <snowplow_tracker.self_describing_json.SelfDescribingJson object at 0x000001D73E67D790>, <snowplow_tracker.self_describing_json.SelfDescribingJson object at 0x000001D73DE54C20>]}
[0m15:04:38.040641 [debug] [MainThread]: Flushing usage events
[0m15:04:38.554495 [debug] [MainThread]: An error was encountered while trying to flush usage events
[0m15:28:35.341235 [debug] [MainThread]: Sending event: {'category': 'dbt', 'action': 'invocation', 'label': 'start', 'context': [<snowplow_tracker.self_describing_json.SelfDescribingJson object at 0x0000028151BE3650>, <snowplow_tracker.self_describing_json.SelfDescribingJson object at 0x0000028152388B90>, <snowplow_tracker.self_describing_json.SelfDescribingJson object at 0x000002814E89D1F0>]}


============================== 15:28:35.344939 | 910b5022-c31f-4421-9dfa-84aed9b3da27 ==============================
[0m15:28:35.344939 [info ] [MainThread]: Running with dbt=1.11.8
[0m15:28:35.345940 [debug] [MainThread]: running dbt with arguments {'version_check': 'True', 'no_print': 'None', 'static_parser': 'True', 'warn_error_options': 'WarnErrorOptionsV2(error=[], warn=[], silence=[])', 'target_path': 'None', 'printer_width': '80', 'write_json': 'True', 'empty': 'False', 'log_cache_events': 'False', 'introspect': 'True', 'cache_selected_only': 'False', 'log_format': 'default', 'debug': 'False', 'fail_fast': 'False', 'partial_parse': 'True', 'send_anonymous_usage_stats': 'True', 'quiet': 'False', 'warn_error': 'None', 'profiles_dir': 'C:\\Users\\Moham\\.dbt', 'invocation_command': 'dbt run', 'indirect_selection': 'eager', 'use_colors': 'True', 'use_experimental_parser': 'False', 'log_path': 'logs'}
[0m15:28:35.346949 [error] [MainThread]: Encountered an error:
Runtime Error
  No dbt_project.yml found at expected path C:\Users\Moham\OneDrive\Desktop\ecommerce-pipeline\dbt_project.yml
  Verify that each entry within packages.yml (and their transitive dependencies) contains a file named dbt_project.yml
  
[0m15:28:35.346949 [debug] [MainThread]: Command `dbt run` failed at 15:28:35.346949 after 0.13 seconds
[0m15:28:35.347941 [debug] [MainThread]: Sending event: {'category': 'dbt', 'action': 'invocation', 'label': 'end', 'context': [<snowplow_tracker.self_describing_json.SelfDescribingJson object at 0x00000281536553D0>, <snowplow_tracker.self_describing_json.SelfDescribingJson object at 0x000002815361A990>, <snowplow_tracker.self_describing_json.SelfDescribingJson object at 0x000002815189BAA0>]}
[0m15:28:35.347941 [debug] [MainThread]: Flushing usage events
[0m15:28:35.703790 [debug] [MainThread]: An error was encountered while trying to flush usage events
[0m15:53:27.629333 [debug] [MainThread]: Sending event: {'category': 'dbt', 'action': 'invocation', 'label': 'start', 'context': [<snowplow_tracker.self_describing_json.SelfDescribingJson object at 0x000002047BBC0BF0>, <snowplow_tracker.self_describing_json.SelfDescribingJson object at 0x000002047C8548F0>, <snowplow_tracker.self_describing_json.SelfDescribingJson object at 0x000002047F1E09B0>]}


============================== 15:53:27.634511 | afa5af76-66fa-4c73-99aa-c171d728e8fc ==============================
[0m15:53:27.634511 [info ] [MainThread]: Running with dbt=1.11.8
[0m15:53:27.634511 [debug] [MainThread]: running dbt with arguments {'version_check': 'True', 'no_print': 'None', 'static_parser': 'True', 'target_path': 'None', 'warn_error_options': 'WarnErrorOptionsV2(error=[], warn=[], silence=[])', 'printer_width': '80', 'write_json': 'True', 'introspect': 'True', 'log_cache_events': 'False', 'empty': 'False', 'cache_selected_only': 'False', 'fail_fast': 'False', 'debug': 'False', 'log_format': 'default', 'partial_parse': 'True', 'send_anonymous_usage_stats': 'True', 'quiet': 'False', 'warn_error': 'None', 'profiles_dir': 'C:\\Users\\Moham\\.dbt', 'invocation_command': 'dbt run', 'use_colors': 'True', 'indirect_selection': 'eager', 'use_experimental_parser': 'False', 'log_path': 'logs'}
[0m15:53:27.634511 [error] [MainThread]: Encountered an error:
Runtime Error
  No dbt_project.yml found at expected path C:\Users\Moham\OneDrive\Desktop\ecommerce-pipeline\dbt_project.yml
  Verify that each entry within packages.yml (and their transitive dependencies) contains a file named dbt_project.yml
  
[0m15:53:27.634511 [debug] [MainThread]: Command `dbt run` failed at 15:53:27.634511 after 0.16 seconds
[0m15:53:27.634511 [debug] [MainThread]: Sending event: {'category': 'dbt', 'action': 'invocation', 'label': 'end', 'context': [<snowplow_tracker.self_describing_json.SelfDescribingJson object at 0x000002047BB7CE30>, <snowplow_tracker.self_describing_json.SelfDescribingJson object at 0x000002047BBC0BF0>, <snowplow_tracker.self_describing_json.SelfDescribingJson object at 0x000002047EF8E5A0>]}
[0m15:53:27.634511 [debug] [MainThread]: Flushing usage events
[0m15:53:28.087271 [debug] [MainThread]: An error was encountered while trying to flush usage events
[0m16:43:07.497272 [debug] [MainThread]: Sending event: {'category': 'dbt', 'action': 'invocation', 'label': 'start', 'context': [<snowplow_tracker.self_describing_json.SelfDescribingJson object at 0x0000021D91D00BF0>, <snowplow_tracker.self_describing_json.SelfDescribingJson object at 0x0000021D94FB9760>, <snowplow_tracker.self_describing_json.SelfDescribingJson object at 0x0000021D92A9A7E0>]}


============================== 16:43:07.497272 | c88972ab-bbf5-49d7-9f2c-e86ce5f7be52 ==============================
[0m16:43:07.497272 [info ] [MainThread]: Running with dbt=1.11.8
[0m16:43:07.497272 [debug] [MainThread]: running dbt with arguments {'static_parser': 'True', 'no_print': 'None', 'version_check': 'True', 'warn_error_options': 'WarnErrorOptionsV2(error=[], warn=[], silence=[])', 'target_path': 'None', 'printer_width': '80', 'write_json': 'True', 'empty': 'False', 'log_cache_events': 'False', 'introspect': 'True', 'cache_selected_only': 'False', 'log_format': 'default', 'debug': 'False', 'fail_fast': 'False', 'partial_parse': 'True', 'send_anonymous_usage_stats': 'True', 'quiet': 'False', 'warn_error': 'None', 'profiles_dir': 'C:\\Users\\Moham\\.dbt', 'indirect_selection': 'eager', 'invocation_command': 'dbt run', 'use_colors': 'True', 'use_experimental_parser': 'False', 'log_path': 'logs'}
[0m16:43:07.497272 [error] [MainThread]: Encountered an error:
Runtime Error
  No dbt_project.yml found at expected path C:\Users\Moham\OneDrive\Desktop\ecommerce-pipeline\dbt_project.yml
  Verify that each entry within packages.yml (and their transitive dependencies) contains a file named dbt_project.yml
  
[0m16:43:07.497272 [debug] [MainThread]: Command `dbt run` failed at 16:43:07.497272 after 0.19 seconds
[0m16:43:07.497272 [debug] [MainThread]: Sending event: {'category': 'dbt', 'action': 'invocation', 'label': 'end', 'context': [<snowplow_tracker.self_describing_json.SelfDescribingJson object at 0x0000021D95764830>, <snowplow_tracker.self_describing_json.SelfDescribingJson object at 0x0000021D9541A3F0>, <snowplow_tracker.self_describing_json.SelfDescribingJson object at 0x0000021D92BA91F0>]}
[0m16:43:07.497272 [debug] [MainThread]: Flushing usage events
[0m16:43:08.029240 [debug] [MainThread]: An error was encountered while trying to flush usage events
[0m18:15:14.146873 [debug] [MainThread]: Sending event: {'category': 'dbt', 'action': 'invocation', 'label': 'start', 'context': [<snowplow_tracker.self_describing_json.SelfDescribingJson object at 0x000001FFC3728800>, <snowplow_tracker.self_describing_json.SelfDescribingJson object at 0x000001FFC5EBAA20>, <snowplow_tracker.self_describing_json.SelfDescribingJson object at 0x000001FFC54CC860>]}


============================== 18:15:14.151386 | 1e8aaf29-f0eb-433b-88db-5e7a30516906 ==============================
[0m18:15:14.151386 [info ] [MainThread]: Running with dbt=1.11.8
[0m18:15:14.152385 [debug] [MainThread]: running dbt with arguments {'version_check': 'True', 'no_print': 'None', 'static_parser': 'True', 'warn_error_options': 'WarnErrorOptionsV2(error=[], warn=[], silence=[])', 'target_path': 'None', 'printer_width': '80', 'write_json': 'True', 'introspect': 'True', 'log_cache_events': 'False', 'empty': 'False', 'cache_selected_only': 'False', 'fail_fast': 'False', 'debug': 'False', 'log_format': 'default', 'profiles_dir': 'C:\\Users\\Moham\\.dbt', 'send_anonymous_usage_stats': 'True', 'quiet': 'False', 'warn_error': 'None', 'partial_parse': 'True', 'indirect_selection': 'eager', 'use_colors': 'True', 'invocation_command': 'dbt run', 'use_experimental_parser': 'False', 'log_path': 'logs'}
[0m18:15:14.152385 [error] [MainThread]: Encountered an error:
Runtime Error
  No dbt_project.yml found at expected path C:\Users\Moham\OneDrive\Desktop\ecommerce-pipeline\dbt_project.yml
  Verify that each entry within packages.yml (and their transitive dependencies) contains a file named dbt_project.yml
  
[0m18:15:14.153385 [debug] [MainThread]: Command `dbt run` failed at 18:15:14.153385 after 0.13 seconds
[0m18:15:14.153385 [debug] [MainThread]: Sending event: {'category': 'dbt', 'action': 'invocation', 'label': 'end', 'context': [<snowplow_tracker.self_describing_json.SelfDescribingJson object at 0x000001FFC651D6A0>, <snowplow_tracker.self_describing_json.SelfDescribingJson object at 0x000001FFC63CD940>, <snowplow_tracker.self_describing_json.SelfDescribingJson object at 0x000001FFC63CD370>]}
[0m18:15:14.154385 [debug] [MainThread]: Flushing usage events
[0m18:15:14.621847 [debug] [MainThread]: An error was encountered while trying to flush usage events
